<?xml version="1.0" encoding="UTF-8"?>
<testsuite xmlns:xsi="http://www.w3.org/2001/XMLSchema-instance" xsi:noNamespaceSchemaLocation="https://maven.apache.org/surefire/maven-surefire-plugin/xsd/surefire-test-report.xsd" name="runners.myRunner" time="29.672" tests="3" errors="0" skipped="0" failures="0">
  <properties>
    <property name="sun.desktop" value="windows"/>
    <property name="awt.toolkit" value="sun.awt.windows.WToolkit"/>
    <property name="java.specification.version" value="9"/>
    <property name="file.encoding.pkg" value="sun.io"/>
    <property name="sun.cpu.isalist" value="amd64"/>
    <property name="sun.jnu.encoding" value="Cp1252"/>
    <property name="java.class.path" value="C:\Users\robven\IdeaProjects\CucumberTest\target\test-classes;C:\Users\robven\IdeaProjects\CucumberTest\target\classes;C:\Users\robven\.m2\repository\junit\junit\4.12\junit-4.12.jar;C:\Users\robven\.m2\repository\org\hamcrest\hamcrest-core\1.3\hamcrest-core-1.3.jar;C:\Users\robven\.m2\repository\org\seleniumhq\selenium\selenium-java\3.11.0\selenium-java-3.11.0.jar;C:\Users\robven\.m2\repository\org\seleniumhq\selenium\selenium-api\3.11.0\selenium-api-3.11.0.jar;C:\Users\robven\.m2\repository\org\seleniumhq\selenium\selenium-chrome-driver\3.11.0\selenium-chrome-driver-3.11.0.jar;C:\Users\robven\.m2\repository\org\seleniumhq\selenium\selenium-edge-driver\3.11.0\selenium-edge-driver-3.11.0.jar;C:\Users\robven\.m2\repository\org\seleniumhq\selenium\selenium-firefox-driver\3.11.0\selenium-firefox-driver-3.11.0.jar;C:\Users\robven\.m2\repository\org\seleniumhq\selenium\selenium-ie-driver\3.11.0\selenium-ie-driver-3.11.0.jar;C:\Users\robven\.m2\repository\org\seleniumhq\selenium\selenium-opera-driver\3.11.0\selenium-opera-driver-3.11.0.jar;C:\Users\robven\.m2\repository\org\seleniumhq\selenium\selenium-remote-driver\3.11.0\selenium-remote-driver-3.11.0.jar;C:\Users\robven\.m2\repository\org\seleniumhq\selenium\selenium-safari-driver\3.11.0\selenium-safari-driver-3.11.0.jar;C:\Users\robven\.m2\repository\org\seleniumhq\selenium\selenium-support\3.11.0\selenium-support-3.11.0.jar;C:\Users\robven\.m2\repository\net\bytebuddy\byte-buddy\1.7.9\byte-buddy-1.7.9.jar;C:\Users\robven\.m2\repository\org\apache\commons\commons-exec\1.3\commons-exec-1.3.jar;C:\Users\robven\.m2\repository\commons-codec\commons-codec\1.10\commons-codec-1.10.jar;C:\Users\robven\.m2\repository\commons-logging\commons-logging\1.2\commons-logging-1.2.jar;C:\Users\robven\.m2\repository\com\google\code\gson\gson\2.8.2\gson-2.8.2.jar;C:\Users\robven\.m2\repository\com\google\guava\guava\23.6-jre\guava-23.6-jre.jar;C:\Users\robven\.m2\repository\com\google\code\findbugs\jsr305\1.3.9\jsr305-1.3.9.jar;C:\Users\robven\.m2\repository\org\checkerframework\checker-compat-qual\2.0.0\checker-compat-qual-2.0.0.jar;C:\Users\robven\.m2\repository\com\google\errorprone\error_prone_annotations\2.1.3\error_prone_annotations-2.1.3.jar;C:\Users\robven\.m2\repository\com\google\j2objc\j2objc-annotations\1.1\j2objc-annotations-1.1.jar;C:\Users\robven\.m2\repository\org\codehaus\mojo\animal-sniffer-annotations\1.14\animal-sniffer-annotations-1.14.jar;C:\Users\robven\.m2\repository\org\apache\httpcomponents\httpclient\4.5.3\httpclient-4.5.3.jar;C:\Users\robven\.m2\repository\org\apache\httpcomponents\httpcore\4.4.6\httpcore-4.4.6.jar;C:\Users\robven\.m2\repository\com\squareup\okhttp3\okhttp\3.9.1\okhttp-3.9.1.jar;C:\Users\robven\.m2\repository\com\squareup\okio\okio\1.13.0\okio-1.13.0.jar;C:\Users\robven\.m2\repository\info\cukes\cucumber-junit\1.2.5\cucumber-junit-1.2.5.jar;C:\Users\robven\.m2\repository\info\cukes\cucumber-core\1.2.5\cucumber-core-1.2.5.jar;C:\Users\robven\.m2\repository\info\cukes\cucumber-html\0.2.3\cucumber-html-0.2.3.jar;C:\Users\robven\.m2\repository\info\cukes\cucumber-jvm-deps\1.0.5\cucumber-jvm-deps-1.0.5.jar;C:\Users\robven\.m2\repository\info\cukes\gherkin\2.12.2\gherkin-2.12.2.jar;C:\Users\robven\.m2\repository\info\cukes\cucumber-java\1.2.5\cucumber-java-1.2.5.jar;C:\Users\robven\.m2\repository\com\github\2gis\winium\winium-webdriver\0.1.0-1\winium-webdriver-0.1.0-1.jar;C:\Users\robven\.m2\repository\com\microsoft\sqlserver\mssql-jdbc\6.1.0.jre8\mssql-jdbc-6.1.0.jre8.jar;C:\Users\robven\.m2\repository\com\microsoft\azure\azure-keyvault\0.9.3\azure-keyvault-0.9.3.jar;C:\Users\robven\.m2\repository\com\microsoft\azure\azure-core\0.9.3\azure-core-0.9.3.jar;C:\Users\robven\.m2\repository\commons-lang\commons-lang\2.6\commons-lang-2.6.jar;C:\Users\robven\.m2\repository\javax\mail\mail\1.4.5\mail-1.4.5.jar;C:\Users\robven\.m2\repository\javax\activation\activation\1.1\activation-1.1.jar;C:\Users\robven\.m2\repository\com\sun\jersey\jersey-client\1.13\jersey-client-1.13.jar;C:\Users\robven\.m2\repository\com\sun\jersey\jersey-core\1.13\jersey-core-1.13.jar;C:\Users\robven\.m2\repository\com\sun\jersey\jersey-json\1.13\jersey-json-1.13.jar;C:\Users\robven\.m2\repository\org\codehaus\jettison\jettison\1.1\jettison-1.1.jar;C:\Users\robven\.m2\repository\stax\stax-api\1.0.1\stax-api-1.0.1.jar;C:\Users\robven\.m2\repository\com\sun\xml\bind\jaxb-impl\2.2.3-1\jaxb-impl-2.2.3-1.jar;C:\Users\robven\.m2\repository\javax\xml\bind\jaxb-api\2.2.2\jaxb-api-2.2.2.jar;C:\Users\robven\.m2\repository\javax\xml\stream\stax-api\1.0-2\stax-api-1.0-2.jar;C:\Users\robven\.m2\repository\org\codehaus\jackson\jackson-core-asl\1.9.2\jackson-core-asl-1.9.2.jar;C:\Users\robven\.m2\repository\org\codehaus\jackson\jackson-mapper-asl\1.9.2\jackson-mapper-asl-1.9.2.jar;C:\Users\robven\.m2\repository\org\codehaus\jackson\jackson-jaxrs\1.9.2\jackson-jaxrs-1.9.2.jar;C:\Users\robven\.m2\repository\org\codehaus\jackson\jackson-xc\1.9.2\jackson-xc-1.9.2.jar;C:\Users\robven\.m2\repository\javax\inject\javax.inject\1\javax.inject-1.jar;C:\Users\robven\.m2\repository\com\microsoft\azure\adal4j\1.0.0\adal4j-1.0.0.jar;C:\Users\robven\.m2\repository\com\nimbusds\oauth2-oidc-sdk\4.5\oauth2-oidc-sdk-4.5.jar;C:\Users\robven\.m2\repository\net\jcip\jcip-annotations\1.0\jcip-annotations-1.0.jar;C:\Users\robven\.m2\repository\org\apache\commons\commons-lang3\3.3.1\commons-lang3-3.3.1.jar;C:\Users\robven\.m2\repository\net\minidev\json-smart\1.1.1\json-smart-1.1.1.jar;C:\Users\robven\.m2\repository\com\nimbusds\lang-tag\1.4\lang-tag-1.4.jar;C:\Users\robven\.m2\repository\com\nimbusds\nimbus-jose-jwt\3.1.2\nimbus-jose-jwt-3.1.2.jar;C:\Users\robven\.m2\repository\org\bouncycastle\bcprov-jdk15on\1.51\bcprov-jdk15on-1.51.jar;C:\Users\robven\.m2\repository\org\slf4j\slf4j-api\1.7.5\slf4j-api-1.7.5.jar;"/>
    <property name="java.vm.vendor" value="Oracle Corporation"/>
    <property name="sun.arch.data.model" value="64"/>
    <property name="user.variant" value=""/>
    <property name="java.vendor.url" value="http://java.oracle.com/"/>
    <property name="user.timezone" value=""/>
    <property name="user.country.format" value="NL"/>
    <property name="java.vm.specification.version" value="9"/>
    <property name="os.name" value="Windows 10"/>
    <property name="sun.java.launcher" value="SUN_STANDARD"/>
    <property name="user.country" value="US"/>
    <property name="sun.boot.library.path" value="C:\Program Files\Java\jdk-9.0.4\bin"/>
    <property name="sun.java.command" value="C:\Users\robven\AppData\Local\Temp\3\surefire17286390842459571944\surefirebooter13342631836823766074.jar C:\Users\robven\AppData\Local\Temp\3\surefire17286390842459571944 2019-04-23T09-34-01_282-jvmRun1 surefire14390803014696046182tmp surefire_0850544582173901799tmp"/>
    <property name="jdk.debug" value="release"/>
    <property name="surefire.test.class.path" value="C:\Users\robven\IdeaProjects\CucumberTest\target\test-classes;C:\Users\robven\IdeaProjects\CucumberTest\target\classes;C:\Users\robven\.m2\repository\junit\junit\4.12\junit-4.12.jar;C:\Users\robven\.m2\repository\org\hamcrest\hamcrest-core\1.3\hamcrest-core-1.3.jar;C:\Users\robven\.m2\repository\org\seleniumhq\selenium\selenium-java\3.11.0\selenium-java-3.11.0.jar;C:\Users\robven\.m2\repository\org\seleniumhq\selenium\selenium-api\3.11.0\selenium-api-3.11.0.jar;C:\Users\robven\.m2\repository\org\seleniumhq\selenium\selenium-chrome-driver\3.11.0\selenium-chrome-driver-3.11.0.jar;C:\Users\robven\.m2\repository\org\seleniumhq\selenium\selenium-edge-driver\3.11.0\selenium-edge-driver-3.11.0.jar;C:\Users\robven\.m2\repository\org\seleniumhq\selenium\selenium-firefox-driver\3.11.0\selenium-firefox-driver-3.11.0.jar;C:\Users\robven\.m2\repository\org\seleniumhq\selenium\selenium-ie-driver\3.11.0\selenium-ie-driver-3.11.0.jar;C:\Users\robven\.m2\repository\org\seleniumhq\selenium\selenium-opera-driver\3.11.0\selenium-opera-driver-3.11.0.jar;C:\Users\robven\.m2\repository\org\seleniumhq\selenium\selenium-remote-driver\3.11.0\selenium-remote-driver-3.11.0.jar;C:\Users\robven\.m2\repository\org\seleniumhq\selenium\selenium-safari-driver\3.11.0\selenium-safari-driver-3.11.0.jar;C:\Users\robven\.m2\repository\org\seleniumhq\selenium\selenium-support\3.11.0\selenium-support-3.11.0.jar;C:\Users\robven\.m2\repository\net\bytebuddy\byte-buddy\1.7.9\byte-buddy-1.7.9.jar;C:\Users\robven\.m2\repository\org\apache\commons\commons-exec\1.3\commons-exec-1.3.jar;C:\Users\robven\.m2\repository\commons-codec\commons-codec\1.10\commons-codec-1.10.jar;C:\Users\robven\.m2\repository\commons-logging\commons-logging\1.2\commons-logging-1.2.jar;C:\Users\robven\.m2\repository\com\google\code\gson\gson\2.8.2\gson-2.8.2.jar;C:\Users\robven\.m2\repository\com\google\guava\guava\23.6-jre\guava-23.6-jre.jar;C:\Users\robven\.m2\repository\com\google\code\findbugs\jsr305\1.3.9\jsr305-1.3.9.jar;C:\Users\robven\.m2\repository\org\checkerframework\checker-compat-qual\2.0.0\checker-compat-qual-2.0.0.jar;C:\Users\robven\.m2\repository\com\google\errorprone\error_prone_annotations\2.1.3\error_prone_annotations-2.1.3.jar;C:\Users\robven\.m2\repository\com\google\j2objc\j2objc-annotations\1.1\j2objc-annotations-1.1.jar;C:\Users\robven\.m2\repository\org\codehaus\mojo\animal-sniffer-annotations\1.14\animal-sniffer-annotations-1.14.jar;C:\Users\robven\.m2\repository\org\apache\httpcomponents\httpclient\4.5.3\httpclient-4.5.3.jar;C:\Users\robven\.m2\repository\org\apache\httpcomponents\httpcore\4.4.6\httpcore-4.4.6.jar;C:\Users\robven\.m2\repository\com\squareup\okhttp3\okhttp\3.9.1\okhttp-3.9.1.jar;C:\Users\robven\.m2\repository\com\squareup\okio\okio\1.13.0\okio-1.13.0.jar;C:\Users\robven\.m2\repository\info\cukes\cucumber-junit\1.2.5\cucumber-junit-1.2.5.jar;C:\Users\robven\.m2\repository\info\cukes\cucumber-core\1.2.5\cucumber-core-1.2.5.jar;C:\Users\robven\.m2\repository\info\cukes\cucumber-html\0.2.3\cucumber-html-0.2.3.jar;C:\Users\robven\.m2\repository\info\cukes\cucumber-jvm-deps\1.0.5\cucumber-jvm-deps-1.0.5.jar;C:\Users\robven\.m2\repository\info\cukes\gherkin\2.12.2\gherkin-2.12.2.jar;C:\Users\robven\.m2\repository\info\cukes\cucumber-java\1.2.5\cucumber-java-1.2.5.jar;C:\Users\robven\.m2\repository\com\github\2gis\winium\winium-webdriver\0.1.0-1\winium-webdriver-0.1.0-1.jar;C:\Users\robven\.m2\repository\com\microsoft\sqlserver\mssql-jdbc\6.1.0.jre8\mssql-jdbc-6.1.0.jre8.jar;C:\Users\robven\.m2\repository\com\microsoft\azure\azure-keyvault\0.9.3\azure-keyvault-0.9.3.jar;C:\Users\robven\.m2\repository\com\microsoft\azure\azure-core\0.9.3\azure-core-0.9.3.jar;C:\Users\robven\.m2\repository\commons-lang\commons-lang\2.6\commons-lang-2.6.jar;C:\Users\robven\.m2\repository\javax\mail\mail\1.4.5\mail-1.4.5.jar;C:\Users\robven\.m2\repository\javax\activation\activation\1.1\activation-1.1.jar;C:\Users\robven\.m2\repository\com\sun\jersey\jersey-client\1.13\jersey-client-1.13.jar;C:\Users\robven\.m2\repository\com\sun\jersey\jersey-core\1.13\jersey-core-1.13.jar;C:\Users\robven\.m2\repository\com\sun\jersey\jersey-json\1.13\jersey-json-1.13.jar;C:\Users\robven\.m2\repository\org\codehaus\jettison\jettison\1.1\jettison-1.1.jar;C:\Users\robven\.m2\repository\stax\stax-api\1.0.1\stax-api-1.0.1.jar;C:\Users\robven\.m2\repository\com\sun\xml\bind\jaxb-impl\2.2.3-1\jaxb-impl-2.2.3-1.jar;C:\Users\robven\.m2\repository\javax\xml\bind\jaxb-api\2.2.2\jaxb-api-2.2.2.jar;C:\Users\robven\.m2\repository\javax\xml\stream\stax-api\1.0-2\stax-api-1.0-2.jar;C:\Users\robven\.m2\repository\org\codehaus\jackson\jackson-core-asl\1.9.2\jackson-core-asl-1.9.2.jar;C:\Users\robven\.m2\repository\org\codehaus\jackson\jackson-mapper-asl\1.9.2\jackson-mapper-asl-1.9.2.jar;C:\Users\robven\.m2\repository\org\codehaus\jackson\jackson-jaxrs\1.9.2\jackson-jaxrs-1.9.2.jar;C:\Users\robven\.m2\repository\org\codehaus\jackson\jackson-xc\1.9.2\jackson-xc-1.9.2.jar;C:\Users\robven\.m2\repository\javax\inject\javax.inject\1\javax.inject-1.jar;C:\Users\robven\.m2\repository\com\microsoft\azure\adal4j\1.0.0\adal4j-1.0.0.jar;C:\Users\robven\.m2\repository\com\nimbusds\oauth2-oidc-sdk\4.5\oauth2-oidc-sdk-4.5.jar;C:\Users\robven\.m2\repository\net\jcip\jcip-annotations\1.0\jcip-annotations-1.0.jar;C:\Users\robven\.m2\repository\org\apache\commons\commons-lang3\3.3.1\commons-lang3-3.3.1.jar;C:\Users\robven\.m2\repository\net\minidev\json-smart\1.1.1\json-smart-1.1.1.jar;C:\Users\robven\.m2\repository\com\nimbusds\lang-tag\1.4\lang-tag-1.4.jar;C:\Users\robven\.m2\repository\com\nimbusds\nimbus-jose-jwt\3.1.2\nimbus-jose-jwt-3.1.2.jar;C:\Users\robven\.m2\repository\org\bouncycastle\bcprov-jdk15on\1.51\bcprov-jdk15on-1.51.jar;C:\Users\robven\.m2\repository\org\slf4j\slf4j-api\1.7.5\slf4j-api-1.7.5.jar;"/>
    <property name="sun.cpu.endian" value="little"/>
    <property name="user.home" value="C:\Users\robven"/>
    <property name="user.language" value="en"/>
    <property name="java.specification.vendor" value="Oracle Corporation"/>
    <property name="java.home" value="C:\Program Files\Java\jdk-9.0.4"/>
    <property name="file.separator" value="\"/>
    <property name="basedir" value="C:\Users\robven\IdeaProjects\CucumberTest"/>
    <property name="java.vm.compressedOopsMode" value="32-bit"/>
    <property name="line.separator" value="&#10;"/>
    <property name="java.vm.specification.vendor" value="Oracle Corporation"/>
    <property name="java.specification.name" value="Java Platform API Specification"/>
    <property name="java.awt.graphicsenv" value="sun.awt.Win32GraphicsEnvironment"/>
    <property name="surefire.real.class.path" value="C:\Users\robven\AppData\Local\Temp\3\surefire17286390842459571944\surefirebooter13342631836823766074.jar"/>
    <property name="user.script" value=""/>
    <property name="sun.management.compiler" value="HotSpot 64-Bit Tiered Compilers"/>
    <property name="java.runtime.version" value="9.0.4+11"/>
    <property name="user.name" value="ROBVEN"/>
    <property name="path.separator" value=";"/>
    <property name="os.version" value="10.0"/>
    <property name="java.runtime.name" value="Java(TM) SE Runtime Environment"/>
    <property name="file.encoding" value="Cp1252"/>
    <property name="java.vm.name" value="Java HotSpot(TM) 64-Bit Server VM"/>
    <property name="localRepository" value="C:\Users\robven\.m2\repository"/>
    <property name="java.vendor.url.bug" value="http://bugreport.java.com/bugreport/"/>
    <property name="java.io.tmpdir" value="C:\Users\robven\AppData\Local\Temp\3\"/>
    <property name="java.version" value="9.0.4"/>
    <property name="user.dir" value="C:\Users\robven\IdeaProjects\CucumberTest"/>
    <property name="os.arch" value="amd64"/>
    <property name="java.vm.specification.name" value="Java Virtual Machine Specification"/>
    <property name="java.awt.printerjob" value="sun.awt.windows.WPrinterJob"/>
    <property name="user.language.format" value="nl"/>
    <property name="sun.os.patch.level" value=""/>
    <property name="idea.version2019.1" value="true"/>
    <property name="java.library.path" value="C:\Program Files\Java\jdk-9.0.4\bin;C:\WINDOWS\Sun\Java\bin;C:\WINDOWS\system32;C:\WINDOWS;C:\ProgramData\DockerDesktop\version-bin;C:\Program Files\Docker\Docker\Resources\bin;C:\Program Files (x86)\Common Files\Oracle\Java\javapath;C:\Program Files (x86)\TRICENTIS\Tosca Testsuite;C:\Tosca_Projects;C:\Program Files (x86)\TRICENTIS\Tosca Testsuite\dll;C:\Program Files (x86)\TRICENTIS\Tosca Testsuite\dll\GuptaEngine;C:\Program Files (x86)\TRICENTIS\Tosca Testsuite\;C:\Program Files (x86)\TRICENTIS\Tosca Testsuite\dll\DelphiEngine;C:\Program Files (x86)\TRICENTIS\Tosca Testsuite\dll\PBEngine;C:\Program Files (x86)\TRICENTIS\Tosca Testsuite\dll\VBEngine;C:\Program Files (x86)\TRICENTIS\Tosca Testsuite\dll\DotNetHooking;;C:\Program Files (x86)\TRICENTIS\Tosca Testsuite\Resources\Mobile\Tools;C:\ProgramData\Oracle\Java\javapath;C:\WINDOWS\system32;C:\WINDOWS;C:\WINDOWS\System32\Wbem;C:\WINDOWS\System32\WindowsPowerShell\v1.0\;C:\WINDOWS\CCM;C:\Users\robven\Downloads\apache-maven-3.5.3-bin\apache-maven-3.5.3\bin;C:\Program Files\nodejs\;C:\Program Files\Microsoft SQL Server\Client SDK\ODBC\130\Tools\Binn\;C:\Program Files (x86)\Microsoft SQL Server\130\Tools\Binn\;C:\Program Files\Microsoft SQL Server\130\Tools\Binn\;C:\Program Files\Microsoft SQL Server\130\DTS\Binn\;C:\Program Files (x86)\Microsoft SQL Server\Client SDK\ODBC\130\Tools\Binn\;C:\Program Files (x86)\Microsoft SQL Server\140\Tools\Binn\;C:\Program Files (x86)\Microsoft SQL Server\140\DTS\Binn\;C:\Program Files (x86)\Microsoft SQL Server\140\Tools\Binn\ManagementStudio\;C:\WINDOWS\System32\OpenSSH\;C:\Program Files\Microsoft VS Code\bin;C:\Program Files (x86)\Windows Kits\10\Windows Performance Toolkit\;C:\Program Files (x86)\Windows Kits\10\Microsoft Application Virtualization\Sequencer\;C:\Program Files\Git\cmd;C:\Apache-Maven-3.6.1\bin;C:\jacob-1.19\jacob-1.19-x64.dll;C:\Users\robven\AppData\Local\Microsoft\WindowsApps;C:\Program Files\Microsoft VS Code\bin;C:\Users\robven\AppData\Roaming\npm;;."/>
    <property name="java.vm.info" value="mixed mode"/>
    <property name="java.vendor" value="Oracle Corporation"/>
    <property name="java.vm.version" value="9.0.4+11"/>
    <property name="sun.io.unicode.encoding" value="UnicodeLittle"/>
    <property name="java.class.version" value="53.0"/>
  </properties>
  <testcase name="Given I log in on my local storeMate Online environment" classname="Scenario: Install new MSE package" time="0.003"/>
  <testcase name="Then I want to validate the installed MSE version" classname="Scenario: Install new MSE package" time="0"/>
  <testcase name="Scenario: Install new MSE package" classname="Scenario: Install new MSE package" time="0"/>
</testsuite>